# JRE version: OpenJDK Runtime Environment Temurin-17.0.11+9 (17.0.11+9) (build 17.0.11+9)
# Java VM: OpenJDK 64-Bit Server VM Temurin-17.0.11+9 (17.0.11+9, mixed mode, tiered, compressed oops, compressed class ptrs, parallel gc, windows-amd64)
GC Precious Log:
 CPUs: 12 total, 12 available
 Memory: 16043M
 Large Page Support: Disabled
 NUMA Support: Disabled
 Compressed Oops: Enabled (32-bit)
 Alignments: Space 512K, Generation 512K, Heap 2M
 Heap Min Capacity: 100M
 Heap Initial Capacity: 100M
 Heap Max Capacity: 1G
 Pre-touch: Disabled
 Parallel Workers: 10
Heap:
 PSYoungGen      total 27136K, used 3360K [0x00000000eab00000, 0x00000000eca80000, 0x0000000100000000)
  eden space 23040K, 0% used [0x00000000eab00000,0x00000000eab00000,0x00000000ec180000)
  from space 4096K, 82% used [0x00000000ec180000,0x00000000ec4c8000,0x00000000ec580000)
  to   space 3584K, 0% used [0x00000000ec700000,0x00000000ec700000,0x00000000eca80000)
 ParOldGen       total 117760K, used 116923K [0x00000000c0000000, 0x00000000c7300000, 0x00000000eab00000)
  object space 117760K, 99% used [0x00000000c0000000,0x00000000c722ef08,0x00000000c7300000)
 Metaspace       used 83983K, committed 85312K, reserved 1179648K
  class space    used 9813K, committed 10368K, reserved 1048576K
GC Heap History (20 events):
Event: 461.145 GC heap after
{Heap after GC invocations=129 (full 7):
 PSYoungGen      total 26112K, used 2648K [0x00000000eab00000, 0x00000000ec780000, 0x0000000100000000)
  eden space 23040K, 0% used [0x00000000eab00000,0x00000000eab00000,0x00000000ec180000)
  from space 3072K, 86% used [0x00000000ec480000,0x00000000ec716080,0x00000000ec780000)
  to   space 3072K, 0% used [0x00000000ec180000,0x00000000ec180000,0x00000000ec480000)
 ParOldGen       total 117760K, used 115085K [0x00000000c0000000, 0x00000000c7300000, 0x00000000eab00000)
  object space 117760K, 97% used [0x00000000c0000000,0x00000000c7063550,0x00000000c7300000)
 Metaspace       used 83891K, committed 85248K, reserved 1179648K
  class space    used 9805K, committed 10368K, reserved 1048576K
}
Event: 461.161 GC heap before
{Heap before GC invocations=130 (full 7):
 PSYoungGen      total 26112K, used 25688K [0x00000000eab00000, 0x00000000ec780000, 0x0000000100000000)
  eden space 23040K, 100% used [0x00000000eab00000,0x00000000ec180000,0x00000000ec180000)
  from space 3072K, 86% used [0x00000000ec480000,0x00000000ec716080,0x00000000ec780000)
  to   space 3072K, 0% used [0x00000000ec180000,0x00000000ec180000,0x00000000ec480000)
 ParOldGen       total 117760K, used 115085K [0x00000000c0000000, 0x00000000c7300000, 0x00000000eab00000)
  object space 117760K, 97% used [0x00000000c0000000,0x00000000c7063550,0x00000000c7300000)
 Metaspace       used 83899K, committed 85248K, reserved 1179648K
  class space    used 9805K, committed 10368K, reserved 1048576K
}
Event: 461.162 GC heap after
{Heap after GC invocations=130 (full 7):
 PSYoungGen      total 26112K, used 2902K [0x00000000eab00000, 0x00000000ec780000, 0x0000000100000000)
  eden space 23040K, 0% used [0x00000000eab00000,0x00000000eab00000,0x00000000ec180000)
  from space 3072K, 94% used [0x00000000ec180000,0x00000000ec455bb0,0x00000000ec480000)
  to   space 3072K, 0% used [0x00000000ec480000,0x00000000ec480000,0x00000000ec780000)
 ParOldGen       total 117760K, used 115085K [0x00000000c0000000, 0x00000000c7300000, 0x00000000eab00000)
  object space 117760K, 97% used [0x00000000c0000000,0x00000000c7063550,0x00000000c7300000)
 Metaspace       used 83899K, committed 85248K, reserved 1179648K
  class space    used 9805K, committed 10368K, reserved 1048576K
}
Event: 461.178 GC heap before
{Heap before GC invocations=131 (full 7):
 PSYoungGen      total 26112K, used 25942K [0x00000000eab00000, 0x00000000ec780000, 0x0000000100000000)
  eden space 23040K, 100% used [0x00000000eab00000,0x00000000ec180000,0x00000000ec180000)
  from space 3072K, 94% used [0x00000000ec180000,0x00000000ec455bb0,0x00000000ec480000)
  to   space 3072K, 0% used [0x00000000ec480000,0x00000000ec480000,0x00000000ec780000)
 ParOldGen       total 117760K, used 115085K [0x00000000c0000000, 0x00000000c7300000, 0x00000000eab00000)
  object space 117760K, 97% used [0x00000000c0000000,0x00000000c7063550,0x00000000c7300000)
 Metaspace       used 83920K, committed 85312K, reserved 1179648K
  class space    used 9805K, committed 10368K, reserved 1048576K
}
Event: 461.179 GC heap after
{Heap after GC invocations=131 (full 7):
 PSYoungGen      total 25600K, used 3047K [0x00000000eab00000, 0x00000000ec880000, 0x0000000100000000)
  eden space 22528K, 0% used [0x00000000eab00000,0x00000000eab00000,0x00000000ec100000)
  from space 3072K, 99% used [0x00000000ec480000,0x00000000ec779e20,0x00000000ec780000)
  to   space 3584K, 0% used [0x00000000ec100000,0x00000000ec100000,0x00000000ec480000)
 ParOldGen       total 117760K, used 115085K [0x00000000c0000000, 0x00000000c7300000, 0x00000000eab00000)
  object space 117760K, 97% used [0x00000000c0000000,0x00000000c7063550,0x00000000c7300000)
 Metaspace       used 83920K, committed 85312K, reserved 1179648K
  class space    used 9805K, committed 10368K, reserved 1048576K
}
Event: 461.196 GC heap before
{Heap before GC invocations=132 (full 7):
 PSYoungGen      total 25600K, used 25575K [0x00000000eab00000, 0x00000000ec880000, 0x0000000100000000)
  eden space 22528K, 100% used [0x00000000eab00000,0x00000000ec100000,0x00000000ec100000)
  from space 3072K, 99% used [0x00000000ec480000,0x00000000ec779e20,0x00000000ec780000)
  to   space 3584K, 0% used [0x00000000ec100000,0x00000000ec100000,0x00000000ec480000)
 ParOldGen       total 117760K, used 115085K [0x00000000c0000000, 0x00000000c7300000, 0x00000000eab00000)
  object space 117760K, 97% used [0x00000000c0000000,0x00000000c7063550,0x00000000c7300000)
 Metaspace       used 83936K, committed 85312K, reserved 1179648K
  class space    used 9805K, committed 10368K, reserved 1048576K
}
Event: 461.197 GC heap after
{Heap after GC invocations=132 (full 7):
 PSYoungGen      total 26112K, used 3325K [0x00000000eab00000, 0x00000000ec800000, 0x0000000100000000)
  eden space 22528K, 0% used [0x00000000eab00000,0x00000000eab00000,0x00000000ec100000)
  from space 3584K, 92% used [0x00000000ec100000,0x00000000ec43f780,0x00000000ec480000)
  to   space 3584K, 0% used [0x00000000ec480000,0x00000000ec480000,0x00000000ec800000)
 ParOldGen       total 117760K, used 115093K [0x00000000c0000000, 0x00000000c7300000, 0x00000000eab00000)
  object space 117760K, 97% used [0x00000000c0000000,0x00000000c7065550,0x00000000c7300000)
 Metaspace       used 83936K, committed 85312K, reserved 1179648K
  class space    used 9805K, committed 10368K, reserved 1048576K
}
Event: 461.214 GC heap before
{Heap before GC invocations=133 (full 7):
 PSYoungGen      total 26112K, used 25853K [0x00000000eab00000, 0x00000000ec800000, 0x0000000100000000)
  eden space 22528K, 100% used [0x00000000eab00000,0x00000000ec100000,0x00000000ec100000)
  from space 3584K, 92% used [0x00000000ec100000,0x00000000ec43f780,0x00000000ec480000)
  to   space 3584K, 0% used [0x00000000ec480000,0x00000000ec480000,0x00000000ec800000)
 ParOldGen       total 117760K, used 115093K [0x00000000c0000000, 0x00000000c7300000, 0x00000000eab00000)
  object space 117760K, 97% used [0x00000000c0000000,0x00000000c7065550,0x00000000c7300000)
 Metaspace       used 83936K, committed 85312K, reserved 1179648K
  class space    used 9805K, committed 10368K, reserved 1048576K
}
Event: 461.215 GC heap after
{Heap after GC invocations=133 (full 7):
 PSYoungGen      total 26112K, used 3448K [0x00000000eab00000, 0x00000000ec800000, 0x0000000100000000)
  eden space 22528K, 0% used [0x00000000eab00000,0x00000000eab00000,0x00000000ec100000)
  from space 3584K, 96% used [0x00000000ec480000,0x00000000ec7de080,0x00000000ec800000)
  to   space 3584K, 0% used [0x00000000ec100000,0x00000000ec100000,0x00000000ec480000)
 ParOldGen       total 117760K, used 115093K [0x00000000c0000000, 0x00000000c7300000, 0x00000000eab00000)
  object space 117760K, 97% used [0x00000000c0000000,0x00000000c7065550,0x00000000c7300000)
 Metaspace       used 83936K, committed 85312K, reserved 1179648K
  class space    used 9805K, committed 10368K, reserved 1048576K
}
Event: 461.232 GC heap before
{Heap before GC invocations=134 (full 7):
 PSYoungGen      total 26112K, used 25976K [0x00000000eab00000, 0x00000000ec800000, 0x0000000100000000)
  eden space 22528K, 100% used [0x00000000eab00000,0x00000000ec100000,0x00000000ec100000)
  from space 3584K, 96% used [0x00000000ec480000,0x00000000ec7de080,0x00000000ec800000)
  to   space 3584K, 0% used [0x00000000ec100000,0x00000000ec100000,0x00000000ec480000)
 ParOldGen       total 117760K, used 115093K [0x00000000c0000000, 0x00000000c7300000, 0x00000000eab00000)
  object space 117760K, 97% used [0x00000000c0000000,0x00000000c7065550,0x00000000c7300000)
 Metaspace       used 83938K, committed 85312K, reserved 1179648K
  class space    used 9805K, committed 10368K, reserved 1048576K
}
Event: 461.233 GC heap after
{Heap after GC invocations=134 (full 7):
 PSYoungGen      total 26112K, used 3512K [0x00000000eab00000, 0x00000000ec800000, 0x0000000100000000)
  eden space 22528K, 0% used [0x00000000eab00000,0x00000000eab00000,0x00000000ec100000)
  from space 3584K, 97% used [0x00000000ec100000,0x00000000ec46e080,0x00000000ec480000)
  to   space 3584K, 0% used [0x00000000ec480000,0x00000000ec480000,0x00000000ec800000)
 ParOldGen       total 117760K, used 115093K [0x00000000c0000000, 0x00000000c7300000, 0x00000000eab00000)
  object space 117760K, 97% used [0x00000000c0000000,0x00000000c7065550,0x00000000c7300000)
 Metaspace       used 83938K, committed 85312K, reserved 1179648K
  class space    used 9805K, committed 10368K, reserved 1048576K
}
Event: 461.249 GC heap before
{Heap before GC invocations=135 (full 7):
 PSYoungGen      total 26112K, used 26040K [0x00000000eab00000, 0x00000000ec800000, 0x0000000100000000)
  eden space 22528K, 100% used [0x00000000eab00000,0x00000000ec100000,0x00000000ec100000)
  from space 3584K, 97% used [0x00000000ec100000,0x00000000ec46e080,0x00000000ec480000)
  to   space 3584K, 0% used [0x00000000ec480000,0x00000000ec480000,0x00000000ec800000)
 ParOldGen       total 117760K, used 115093K [0x00000000c0000000, 0x00000000c7300000, 0x00000000eab00000)
  object space 117760K, 97% used [0x00000000c0000000,0x00000000c7065550,0x00000000c7300000)
 Metaspace       used 83950K, committed 85312K, reserved 1179648K
  class space    used 9806K, committed 10368K, reserved 1048576K
}
Event: 461.251 GC heap after
{Heap after GC invocations=135 (full 7):
 PSYoungGen      total 25600K, used 3559K [0x00000000eab00000, 0x00000000ec900000, 0x0000000100000000)
  eden space 22016K, 0% used [0x00000000eab00000,0x00000000eab00000,0x00000000ec080000)
  from space 3584K, 99% used [0x00000000ec480000,0x00000000ec7f9e20,0x00000000ec800000)
  to   space 4096K, 0% used [0x00000000ec080000,0x00000000ec080000,0x00000000ec480000)
 ParOldGen       total 117760K, used 115189K [0x00000000c0000000, 0x00000000c7300000, 0x00000000eab00000)
  object space 117760K, 97% used [0x00000000c0000000,0x00000000c707d550,0x00000000c7300000)
 Metaspace       used 83950K, committed 85312K, reserved 1179648K
  class space    used 9806K, committed 10368K, reserved 1048576K
}
Event: 461.264 GC heap before
{Heap before GC invocations=136 (full 7):
 PSYoungGen      total 25600K, used 25575K [0x00000000eab00000, 0x00000000ec900000, 0x0000000100000000)
  eden space 22016K, 100% used [0x00000000eab00000,0x00000000ec080000,0x00000000ec080000)
  from space 3584K, 99% used [0x00000000ec480000,0x00000000ec7f9e20,0x00000000ec800000)
  to   space 4096K, 0% used [0x00000000ec080000,0x00000000ec080000,0x00000000ec480000)
 ParOldGen       total 117760K, used 115189K [0x00000000c0000000, 0x00000000c7300000, 0x00000000eab00000)
  object space 117760K, 97% used [0x00000000c0000000,0x00000000c707d550,0x00000000c7300000)
 Metaspace       used 83965K, committed 85312K, reserved 1179648K
  class space    used 9809K, committed 10368K, reserved 1048576K
}
Event: 461.265 GC heap after
{Heap after GC invocations=136 (full 7):
 PSYoungGen      total 26112K, used 3370K [0x00000000eab00000, 0x00000000ec900000, 0x0000000100000000)
  eden space 22016K, 0% used [0x00000000eab00000,0x00000000eab00000,0x00000000ec080000)
  from space 4096K, 82% used [0x00000000ec080000,0x00000000ec3cab90,0x00000000ec480000)
  to   space 3584K, 0% used [0x00000000ec580000,0x00000000ec580000,0x00000000ec900000)
 ParOldGen       total 117760K, used 115809K [0x00000000c0000000, 0x00000000c7300000, 0x00000000eab00000)
  object space 117760K, 98% used [0x00000000c0000000,0x00000000c7118478,0x00000000c7300000)
 Metaspace       used 83965K, committed 85312K, reserved 1179648K
  class space    used 9809K, committed 10368K, reserved 1048576K
}
Event: 461.278 GC heap before
{Heap before GC invocations=137 (full 7):
 PSYoungGen      total 26112K, used 25386K [0x00000000eab00000, 0x00000000ec900000, 0x0000000100000000)
  eden space 22016K, 100% used [0x00000000eab00000,0x00000000ec080000,0x00000000ec080000)
  from space 4096K, 82% used [0x00000000ec080000,0x00000000ec3cab90,0x00000000ec480000)
  to   space 3584K, 0% used [0x00000000ec580000,0x00000000ec580000,0x00000000ec900000)
 ParOldGen       total 117760K, used 115809K [0x00000000c0000000, 0x00000000c7300000, 0x00000000eab00000)
  object space 117760K, 98% used [0x00000000c0000000,0x00000000c7118478,0x00000000c7300000)
 Metaspace       used 83980K, committed 85312K, reserved 1179648K
  class space    used 9812K, committed 10368K, reserved 1048576K
}
Event: 461.279 GC heap after
{Heap after GC invocations=137 (full 7):
 PSYoungGen      total 26624K, used 3562K [0x00000000eab00000, 0x00000000eca80000, 0x0000000100000000)
  eden space 23040K, 0% used [0x00000000eab00000,0x00000000eab00000,0x00000000ec180000)
  from space 3584K, 99% used [0x00000000ec580000,0x00000000ec8fab90,0x00000000ec900000)
  to   space 4096K, 0% used [0x00000000ec180000,0x00000000ec180000,0x00000000ec580000)
 ParOldGen       total 117760K, used 116041K [0x00000000c0000000, 0x00000000c7300000, 0x00000000eab00000)
  object space 117760K, 98% used [0x00000000c0000000,0x00000000c7152478,0x00000000c7300000)
 Metaspace       used 83980K, committed 85312K, reserved 1179648K
  class space    used 9812K, committed 10368K, reserved 1048576K
}
Event: 461.293 GC heap before
{Heap before GC invocations=138 (full 7):
 PSYoungGen      total 26624K, used 26602K [0x00000000eab00000, 0x00000000eca80000, 0x0000000100000000)
  eden space 23040K, 100% used [0x00000000eab00000,0x00000000ec180000,0x00000000ec180000)
  from space 3584K, 99% used [0x00000000ec580000,0x00000000ec8fab90,0x00000000ec900000)
  to   space 4096K, 0% used [0x00000000ec180000,0x00000000ec180000,0x00000000ec580000)
 ParOldGen       total 117760K, used 116041K [0x00000000c0000000, 0x00000000c7300000, 0x00000000eab00000)
  object space 117760K, 98% used [0x00000000c0000000,0x00000000c7152478,0x00000000c7300000)
 Metaspace       used 83983K, committed 85312K, reserved 1179648K
  class space    used 9813K, committed 10368K, reserved 1048576K
}
Event: 461.294 GC heap after
{Heap after GC invocations=138 (full 7):
 PSYoungGen      total 27136K, used 3360K [0x00000000eab00000, 0x00000000eca80000, 0x0000000100000000)
  eden space 23040K, 0% used [0x00000000eab00000,0x00000000eab00000,0x00000000ec180000)
  from space 4096K, 82% used [0x00000000ec180000,0x00000000ec4c8000,0x00000000ec580000)
  to   space 3584K, 0% used [0x00000000ec700000,0x00000000ec700000,0x00000000eca80000)
 ParOldGen       total 117760K, used 116923K [0x00000000c0000000, 0x00000000c7300000, 0x00000000eab00000)
  object space 117760K, 99% used [0x00000000c0000000,0x00000000c722ef08,0x00000000c7300000)
 Metaspace       used 83983K, committed 85312K, reserved 1179648K
  class space    used 9813K, committed 10368K, reserved 1048576K
}
Event: 461.294 GC heap before
{Heap before GC invocations=139 (full 8):
 PSYoungGen      total 27136K, used 3360K [0x00000000eab00000, 0x00000000eca80000, 0x0000000100000000)
  eden space 23040K, 0% used [0x00000000eab00000,0x00000000eab00000,0x00000000ec180000)
  from space 4096K, 82% used [0x00000000ec180000,0x00000000ec4c8000,0x00000000ec580000)
  to   space 3584K, 0% used [0x00000000ec700000,0x00000000ec700000,0x00000000eca80000)
 ParOldGen       total 117760K, used 116923K [0x00000000c0000000, 0x00000000c7300000, 0x00000000eab00000)
  object space 117760K, 99% used [0x00000000c0000000,0x00000000c722ef08,0x00000000c7300000)
 Metaspace       used 83983K, committed 85312K, reserved 1179648K
  class space    used 9813K, committed 10368K, reserved 1048576K
}

